<?xml version="1.0" encoding="UTF-8"?>
<robot generator="Robot 5.0.1 (Python 3.10.5 on win32)" generated="20220915 12:36:40.919" rpa="false" schemaversion="3">
<suite id="s1" name="TC 4" source="C:\Users\Administrator\Desktop\flipkart zomba\Testcases\TC_4.robot">
<test id="s1-t1" name="User should be able to search a product" line="9">
<kw name="Given Open flipkart Website" library="Instructions">
<kw name="Open Browser" library="Zoomba.GUILibrary">
<arg>${URL}</arg>
<arg>${Browser}</arg>
<doc>Opens a new browser instance to the optional ``url``.</doc>
<msg timestamp="20220915 12:36:41.271" level="INFO">Opening browser 'chrome' to base url 'https://www.flipkart.com/'.</msg>
<status status="PASS" starttime="20220915 12:36:41.271" endtime="20220915 12:36:46.689"/>
</kw>
<kw name="Maximize Browser Window" library="Zoomba.GUILibrary">
<doc>Maximizes current browser window.</doc>
<status status="PASS" starttime="20220915 12:36:46.689" endtime="20220915 12:36:47.084"/>
</kw>
<kw name="Click Button" library="Zoomba.GUILibrary">
<arg>${cross}</arg>
<doc>Clicks the button identified by ``locator``.</doc>
<msg timestamp="20220915 12:36:47.085" level="INFO">Clicking button 'xpath://*[@class="_2KpZ6l _2doB4z"]'.</msg>
<status status="PASS" starttime="20220915 12:36:47.084" endtime="20220915 12:36:47.428"/>
</kw>
<status status="PASS" starttime="20220915 12:36:41.270" endtime="20220915 12:36:47.429"/>
</kw>
<kw name="AND User Searchs For A Product" library="Instructions">
<kw name="Input Text" library="Zoomba.GUILibrary">
<arg>${searchbar}</arg>
<arg>${product}</arg>
<doc>Types the given ``text`` into the text field identified by ``locator``.</doc>
<msg timestamp="20220915 12:36:47.432" level="INFO">Typing text 'Iphone 12 mini' into text field 'xpath://*[@class="_3704LK"]'.</msg>
<status status="PASS" starttime="20220915 12:36:47.430" endtime="20220915 12:36:47.673"/>
</kw>
<kw name="Sleep" library="BuiltIn">
<arg>3s</arg>
<doc>Pauses the test executed for the given time.</doc>
<msg timestamp="20220915 12:36:50.683" level="INFO">Slept 3 seconds</msg>
<status status="PASS" starttime="20220915 12:36:47.673" endtime="20220915 12:36:50.684"/>
</kw>
<kw name="Click Element" library="Zoomba.GUILibrary">
<arg>${Entersearch}</arg>
<doc>Click the element identified by ``locator``.</doc>
<msg timestamp="20220915 12:36:50.685" level="INFO">Clicking element 'xpath://*[@class="L0Z3Pu"]'.</msg>
<status status="PASS" starttime="20220915 12:36:50.684" endtime="20220915 12:36:50.884"/>
</kw>
<kw name="Sleep" library="BuiltIn">
<arg>3s</arg>
<doc>Pauses the test executed for the given time.</doc>
<msg timestamp="20220915 12:36:53.892" level="INFO">Slept 3 seconds</msg>
<status status="PASS" starttime="20220915 12:36:50.885" endtime="20220915 12:36:53.892"/>
</kw>
<status status="PASS" starttime="20220915 12:36:47.429" endtime="20220915 12:36:53.895"/>
</kw>
<kw name="AND User Should Scroll to 6th Element" library="Instructions">
<kw name="Scroll Element Into View" library="Zoomba.GUILibrary">
<arg>${Device}</arg>
<doc>Scrolls the element identified by ``locator`` into view.</doc>
<status status="PASS" starttime="20220915 12:36:53.899" endtime="20220915 12:36:54.256"/>
</kw>
<status status="PASS" starttime="20220915 12:36:53.897" endtime="20220915 12:36:54.256"/>
</kw>
<kw name="Then User Clicks That Element" library="Instructions">
<kw name="Click Element" library="Zoomba.GUILibrary">
<arg>${Device}</arg>
<doc>Click the element identified by ``locator``.</doc>
<msg timestamp="20220915 12:36:54.259" level="INFO">Clicking element 'xpath://div[normalize-space()='APPLE iPhone 12 Mini (White, 128 GB)']'.</msg>
<status status="PASS" starttime="20220915 12:36:54.258" endtime="20220915 12:36:54.382"/>
</kw>
<kw name="Sleep" library="BuiltIn">
<arg>3s</arg>
<doc>Pauses the test executed for the given time.</doc>
<msg timestamp="20220915 12:36:57.392" level="INFO">Slept 3 seconds</msg>
<status status="PASS" starttime="20220915 12:36:54.382" endtime="20220915 12:36:57.392"/>
</kw>
<status status="PASS" starttime="20220915 12:36:54.257" endtime="20220915 12:36:57.392"/>
</kw>
<kw name="Then User Add's To Cart" library="Instructions">
<kw name="Switch Window" library="Zoomba.GUILibrary">
<arg>New</arg>
<doc>Switches to browser window matching ``locator``.</doc>
<status status="PASS" starttime="20220915 12:36:57.395" endtime="20220915 12:36:57.410"/>
</kw>
<kw name="Click Element" library="Zoomba.GUILibrary">
<arg>${addtocart}</arg>
<doc>Click the element identified by ``locator``.</doc>
<msg timestamp="20220915 12:36:57.410" level="INFO">Clicking element 'xpath://*[@class='_2KpZ6l _2U9uOA _3v1-ww']'.</msg>
<status status="PASS" starttime="20220915 12:36:57.410" endtime="20220915 12:37:00.581"/>
</kw>
<status status="PASS" starttime="20220915 12:36:57.393" endtime="20220915 12:37:00.581"/>
</kw>
<kw name="Then User Verify The Item" library="Instructions">
<kw name="Page Should Contain" library="Zoomba.GUILibrary">
<arg>${Desired Device}</arg>
<doc>Verifies that current page contains ``text``.</doc>
<msg timestamp="20220915 12:37:00.718" level="INFO">Current page contains text 'APPLE iPhone 12 Mini (White, 128 GB)'.</msg>
<status status="PASS" starttime="20220915 12:37:00.620" endtime="20220915 12:37:00.719"/>
</kw>
<kw name="Close Browser" library="Zoomba.GUILibrary">
<doc>Closes the current browser.</doc>
<status status="PASS" starttime="20220915 12:37:00.719" endtime="20220915 12:37:03.579"/>
</kw>
<status status="PASS" starttime="20220915 12:37:00.618" endtime="20220915 12:37:03.579"/>
</kw>
<status status="PASS" starttime="20220915 12:36:41.267" endtime="20220915 12:37:03.581"/>
</test>
<status status="PASS" starttime="20220915 12:36:40.923" endtime="20220915 12:37:03.584"/>
</suite>
<statistics>
<total>
<stat pass="1" fail="0" skip="0">All Tests</stat>
</total>
<tag>
</tag>
<suite>
<stat pass="1" fail="0" skip="0" id="s1" name="TC 4">TC 4</stat>
</suite>
</statistics>
<errors>
</errors>
</robot>
